  test.c
E:\C语言基础\test20240223\test20240223\test.c(5,2): error C2198: “scanf”: 用于调用的参数太少
E:\C语言基础\test20240223\test20240223\test.c(5,2): error C4996: 'scanf': This function or variable may be unsafe. Consider using scanf_s instead. To disable deprecation, use _CRT_SECURE_NO_WARNINGS. See online help for details.
